HelloCDUT/build/outputs/logs/manifest-merger-debug-report.txt
-- Merging decision tree log ---
manifest
ADDED from AndroidManifest.xml:2:1
	xmlns:android
		ADDED from AndroidManifest.xml:2:11
	package
		ADDED from AndroidManifest.xml:3:5
	android:versionName
		ADDED from AndroidManifest.xml:5:5
	android:versionCode
		ADDED from AndroidManifest.xml:4:5
		INJECTED from AndroidManifest.xml:0:0
		INJECTED from AndroidManifest.xml:0:0
uses-sdk
ADDED from AndroidManifest.xml:7:5
MERGED from temp_project:GoogleDateTimePickers:unspecified:22:5
MERGED from temp_project:library:unspecified:7:5
MERGED from temp_project:social_sdk_library_project:unspecified:7:5
MERGED from in.srain.cube:ultra-ptr:1.0.9:7:5
MERGED from temp_project:viewpagerIndicator:unspecified:7:5
	android:targetSdkVersion
		ADDED from AndroidManifest.xml:9:9
	android:minSdkVersion
		ADDED from AndroidManifest.xml:8:9
uses-permission#android.permission.INTERNET
ADDED from AndroidManifest.xml:11:5
	android:name
		ADDED from AndroidManifest.xml:11:22
uses-permission#android.permission.SEND_SMS
ADDED from AndroidManifest.xml:12:5
	android:name
		ADDED from AndroidManifest.xml:12:22
uses-permission#android.permission.READ_CALL_LOG
ADDED from AndroidManifest.xml:13:5
	android:name
		ADDED from AndroidManifest.xml:13:22
uses-permission#android.permission.READ_PHONE_STATE
ADDED from AndroidManifest.xml:14:5
	android:name
		ADDED from AndroidManifest.xml:14:22
uses-permission#android.permission.VIBRATE
ADDED from AndroidManifest.xml:15:5
MERGED from temp_project:GoogleDateTimePickers:unspecified:26:5
	android:name
		ADDED from AndroidManifest.xml:15:22
uses-permission#android.permission.RECORD_AUDIO
ADDED from AndroidManifest.xml:17:5
	android:name
		ADDED from AndroidManifest.xml:17:22
uses-permission#android.permission.CAMERA
ADDED from AndroidManifest.xml:18:5
	android:name
		ADDED from AndroidManifest.xml:18:22
uses-permission#android.permission.ACCESS_NETWORK_STATE
ADDED from AndroidManifest.xml:19:5
	android:name
		ADDED from AndroidManifest.xml:19:22
uses-permission#android.permission.ACCESS_MOCK_LOCATION
ADDED from AndroidManifest.xml:20:5
	android:name
		ADDED from AndroidManifest.xml:20:22
uses-permission#android.permission.READ_EXTERNAL_STORAGE
ADDED from AndroidManifest.xml:21:5
	android:name
		ADDED from AndroidManifest.xml:21:22
uses-permission#android.permission.WRITE_EXTERNAL_STORAGE
ADDED from AndroidManifest.xml:22:5
	android:name
		ADDED from AndroidManifest.xml:22:22
uses-permission#android.permission.MOUNT_UNMOUNT_FILESYSTEMS
ADDED from AndroidManifest.xml:23:5
	android:name
		ADDED from AndroidManifest.xml:23:22
uses-permission#android.permission.ACCESS_FINE_LOCATION
ADDED from AndroidManifest.xml:24:5
	android:name
		ADDED from AndroidManifest.xml:24:22
uses-permission#android.permission.GET_TASKS
ADDED from AndroidManifest.xml:25:5
	android:name
		ADDED from AndroidManifest.xml:25:22
uses-permission#android.permission.ACCESS_WIFI_STATE
ADDED from AndroidManifest.xml:26:5
	android:name
		ADDED from AndroidManifest.xml:26:22
uses-permission#android.permission.CHANGE_WIFI_STATE
ADDED from AndroidManifest.xml:27:5
	android:name
		ADDED from AndroidManifest.xml:27:22
uses-permission#android.permission.WAKE_LOCK
ADDED from AndroidManifest.xml:28:5
	android:name
		ADDED from AndroidManifest.xml:28:22
uses-permission#android.permission.MODIFY_AUDIO_SETTINGS
ADDED from AndroidManifest.xml:29:5
	android:name
		ADDED from AndroidManifest.xml:29:22
uses-permission#android.permission.WRITE_SETTINGS
ADDED from AndroidManifest.xml:31:5
	android:name
		ADDED from AndroidManifest.xml:31:22
uses-permission#com.android.launcher.permission.INSTALL_SHORTCUT
ADDED from AndroidManifest.xml:32:5
	android:name
		ADDED from AndroidManifest.xml:32:22
application
ADDED from AndroidManifest.xml:34:5
MERGED from temp_project:library:unspecified:9:5
MERGED from temp_project:social_sdk_library_project:unspecified:11:5
MERGED from in.srain.cube:ultra-ptr:1.0.9:11:5
	android:label
		ADDED from AndroidManifest.xml:38:9
	android:allowBackup
		ADDED from AndroidManifest.xml:36:9
	android:icon
		ADDED from AndroidManifest.xml:37:9
	android:theme
		ADDED from AndroidManifest.xml:39:9
	android:name
		ADDED from AndroidManifest.xml:35:9
receiver#com.emptypointer.hellocdut.customer.EPUpdataBroadcastReceiver
ADDED from AndroidManifest.xml:42:9
	android:name
		ADDED from AndroidManifest.xml:42:19
intent-filter#android.intent.action.DOWNLOAD_COMPLETE
ADDED from AndroidManifest.xml:43:13
action#android.intent.action.DOWNLOAD_COMPLETE
ADDED from AndroidManifest.xml:44:17
	android:name
		ADDED from AndroidManifest.xml:44:25
service#com.baidu.location.f
ADDED from AndroidManifest.xml:48:9
	android:process
		ADDED from AndroidManifest.xml:51:13
	android:enabled
		ADDED from AndroidManifest.xml:50:13
	android:name
		ADDED from AndroidManifest.xml:49:13
meta-data#com.baidu.lbsapi.API_KEY
ADDED from AndroidManifest.xml:53:9
	android:name
		ADDED from AndroidManifest.xml:54:13
	android:value
		ADDED from AndroidManifest.xml:55:13
meta-data#EASEMOB_APPKEY
ADDED from AndroidManifest.xml:58:9
	android:name
		ADDED from AndroidManifest.xml:59:13
	android:value
		ADDED from AndroidManifest.xml:60:13
service#com.easemob.chat.EMChatService
ADDED from AndroidManifest.xml:62:9
	android:label
		ADDED from AndroidManifest.xml:64:13
	android:name
		ADDED from AndroidManifest.xml:63:13
service#com.emptypointer.hellocdut.activity.CoreService
ADDED from AndroidManifest.xml:66:9
	android:name
		ADDED from AndroidManifest.xml:66:18
activity#com.emptypointer.hellocdut.activity.SplashActivity
ADDED from AndroidManifest.xml:68:9
	android:label
		ADDED from AndroidManifest.xml:70:13
	android:theme
		ADDED from AndroidManifest.xml:71:13
	android:name
		ADDED from AndroidManifest.xml:69:13
intent-filter#android.intent.action.MAIN+android.intent.category.LAUNCHER
ADDED from AndroidManifest.xml:72:13
action#android.intent.action.MAIN
ADDED from AndroidManifest.xml:73:17
	android:name
		ADDED from AndroidManifest.xml:73:25
category#android.intent.category.LAUNCHER
ADDED from AndroidManifest.xml:75:17
	android:name
		ADDED from AndroidManifest.xml:75:27
activity#com.emptypointer.hellocdut.activity.LoginActivity
ADDED from AndroidManifest.xml:79:9
	android:windowSoftInputMode
		ADDED from AndroidManifest.xml:82:13
	android:label
		ADDED from AndroidManifest.xml:81:13
	android:name
		ADDED from AndroidManifest.xml:80:13
intent-filter#android.intent.category.DEFAULT
ADDED from AndroidManifest.xml:83:13
category#android.intent.category.DEFAULT
ADDED from AndroidManifest.xml:84:17
	android:name
		ADDED from AndroidManifest.xml:84:27
activity#com.emptypointer.hellocdut.activity.RetrieveActivity
ADDED from AndroidManifest.xml:88:9
	android:label
		ADDED from AndroidManifest.xml:90:13
	android:name
		ADDED from AndroidManifest.xml:89:13
intent-filter#android.intent.category.DEFAULT+com.emptypointer.action.Retrieve
ADDED from AndroidManifest.xml:91:13
action#com.emptypointer.action.Retrieve
ADDED from AndroidManifest.xml:92:17
	android:name
		ADDED from AndroidManifest.xml:92:25
activity#com.emptypointer.hellocdut.activity.RegisterActivity
ADDED from AndroidManifest.xml:98:9
	android:windowSoftInputMode
		ADDED from AndroidManifest.xml:101:13
	android:label
		ADDED from AndroidManifest.xml:100:13
	android:name
		ADDED from AndroidManifest.xml:99:13
intent-filter#android.intent.category.DEFAULT+com.emptypointer.action.Register
ADDED from AndroidManifest.xml:102:13
action#com.emptypointer.action.Register
ADDED from AndroidManifest.xml:103:17
	android:name
		ADDED from AndroidManifest.xml:103:25
activity#com.emptypointer.hellocdut.activity.MainActivity
ADDED from AndroidManifest.xml:110:9
	android:windowSoftInputMode
		ADDED from AndroidManifest.xml:113:13
	android:label
		ADDED from AndroidManifest.xml:112:13
	android:name
		ADDED from AndroidManifest.xml:111:13
intent-filter#android.intent.category.DEFAULT+com.emptypointer.action.MainActivity
ADDED from AndroidManifest.xml:114:13
action#com.emptypointer.action.MainActivity
ADDED from AndroidManifest.xml:115:17
	android:name
		ADDED from AndroidManifest.xml:115:25
activity#com.emptypointer.hellocdut.activity.OldScheduleActivity
ADDED from AndroidManifest.xml:122:9
	android:label
		ADDED from AndroidManifest.xml:124:13
	android:name
		ADDED from AndroidManifest.xml:123:13
activity#com.emptypointer.hellocdut.activity.ScheduleActivity
ADDED from AndroidManifest.xml:130:9
	android:label
		ADDED from AndroidManifest.xml:132:13
	android:name
		ADDED from AndroidManifest.xml:131:13
intent-filter#android.intent.category.DEFAULT+com.emptypointer.action.Schedule
ADDED from AndroidManifest.xml:133:13
action#com.emptypointer.action.Schedule
ADDED from AndroidManifest.xml:134:17
	android:name
		ADDED from AndroidManifest.xml:134:25
activity#com.emptypointer.hellocdut.activity.AAONewsActivity
ADDED from AndroidManifest.xml:142:9
	android:label
		ADDED from AndroidManifest.xml:144:13
	android:name
		ADDED from AndroidManifest.xml:143:13
intent-filter#android.intent.category.DEFAULT+com.emptypointer.action.AAONews
ADDED from AndroidManifest.xml:145:13
action#com.emptypointer.action.AAONews
ADDED from AndroidManifest.xml:146:17
	android:name
		ADDED from AndroidManifest.xml:146:25
activity#com.emptypointer.hellocdut.activity.AAONewsDetailActivity
ADDED from AndroidManifest.xml:153:9
	android:label
		ADDED from AndroidManifest.xml:155:13
	android:name
		ADDED from AndroidManifest.xml:154:13
intent-filter#android.intent.category.DEFAULT+com.emptypointer.action.AAONewsDetail
ADDED from AndroidManifest.xml:156:13
action#com.emptypointer.action.AAONewsDetail
ADDED from AndroidManifest.xml:157:17
	android:name
		ADDED from AndroidManifest.xml:157:25
activity#com.emptypointer.hellocdut.activity.AccountManageActivity
ADDED from AndroidManifest.xml:164:9
	android:label
		ADDED from AndroidManifest.xml:166:13
	android:name
		ADDED from AndroidManifest.xml:165:13
intent-filter#android.intent.category.DEFAULT+com.emptypointer.action.AccountManage
ADDED from AndroidManifest.xml:167:13
action#com.emptypointer.action.AccountManage
ADDED from AndroidManifest.xml:168:17
	android:name
		ADDED from AndroidManifest.xml:168:25
activity#com.emptypointer.hellocdut.activity.SettingActivity
ADDED from AndroidManifest.xml:175:9
	android:label
		ADDED from AndroidManifest.xml:177:13
	android:name
		ADDED from AndroidManifest.xml:176:13
intent-filter#android.intent.category.DEFAULT+com.emptypointer.action.Setting
ADDED from AndroidManifest.xml:178:13
action#com.emptypointer.action.Setting
ADDED from AndroidManifest.xml:179:17
	android:name
		ADDED from AndroidManifest.xml:179:25
activity#com.emptypointer.hellocdut.activity.UserInfoActivity
ADDED from AndroidManifest.xml:186:9
	android:label
		ADDED from AndroidManifest.xml:188:13
	android:name
		ADDED from AndroidManifest.xml:187:13
intent-filter#android.intent.category.DEFAULT+com.emptypointer.action.UserInfo
ADDED from AndroidManifest.xml:189:13
action#com.emptypointer.action.UserInfo
ADDED from AndroidManifest.xml:190:17
	android:name
		ADDED from AndroidManifest.xml:190:25
activity#com.emptypointer.hellocdut.activity.ExamManageActivity
ADDED from AndroidManifest.xml:197:9
	android:label
		ADDED from AndroidManifest.xml:199:13
	android:name
		ADDED from AndroidManifest.xml:198:13
intent-filter#android.intent.category.DEFAULT+com.emptypointer.action.ExamManage
ADDED from AndroidManifest.xml:200:13
action#com.emptypointer.action.ExamManage
ADDED from AndroidManifest.xml:201:17
	android:name
		ADDED from AndroidManifest.xml:201:25
activity#com.emptypointer.hellocdut.activity.CollectionManageActivity
ADDED from AndroidManifest.xml:208:9
	android:label
		ADDED from AndroidManifest.xml:210:13
	android:name
		ADDED from AndroidManifest.xml:209:13
intent-filter#android.intent.category.DEFAULT+com.emptypointer.action.CollectionManage
ADDED from AndroidManifest.xml:211:13
action#com.emptypointer.action.CollectionManage
ADDED from AndroidManifest.xml:212:17
	android:name
		ADDED from AndroidManifest.xml:212:25
activity#com.emptypointer.hellocdut.activity.QueryActivity
ADDED from AndroidManifest.xml:219:9
	android:label
		ADDED from AndroidManifest.xml:221:13
	android:name
		ADDED from AndroidManifest.xml:220:13
intent-filter#android.intent.category.DEFAULT+com.emptypointer.action.Query
ADDED from AndroidManifest.xml:222:13
action#com.emptypointer.action.Query
ADDED from AndroidManifest.xml:223:17
	android:name
		ADDED from AndroidManifest.xml:223:25
activity#com.emptypointer.hellocdut.activity.QueryGradeActivity
ADDED from AndroidManifest.xml:230:9
	android:label
		ADDED from AndroidManifest.xml:232:13
	android:name
		ADDED from AndroidManifest.xml:231:13
intent-filter#android.intent.category.DEFAULT+com.emptypointer.action.QueryGrade
ADDED from AndroidManifest.xml:233:13
action#com.emptypointer.action.QueryGrade
ADDED from AndroidManifest.xml:234:17
	android:name
		ADDED from AndroidManifest.xml:234:25
activity#com.emptypointer.hellocdut.activity.QueryNationalExamActivity
ADDED from AndroidManifest.xml:241:9
	android:label
		ADDED from AndroidManifest.xml:243:13
	android:name
		ADDED from AndroidManifest.xml:242:13
intent-filter#android.intent.category.DEFAULT+com.emptypointer.action.QueryNationalExam
ADDED from AndroidManifest.xml:244:13
action#com.emptypointer.action.QueryNationalExam
ADDED from AndroidManifest.xml:245:17
	android:name
		ADDED from AndroidManifest.xml:245:25
activity#com.emptypointer.hellocdut.activity.QueryClassroomActivity
ADDED from AndroidManifest.xml:252:9
	android:label
		ADDED from AndroidManifest.xml:254:13
	android:name
		ADDED from AndroidManifest.xml:253:13
intent-filter#android.intent.category.DEFAULT+com.emptypointer.action.QueryClassroom
ADDED from AndroidManifest.xml:255:13
action#com.emptypointer.action.QueryClassroom
ADDED from AndroidManifest.xml:256:17
	android:name
		ADDED from AndroidManifest.xml:256:25
activity#com.emptypointer.hellocdut.activity.QueryTelActivity
ADDED from AndroidManifest.xml:263:9
	android:windowSoftInputMode
		ADDED from AndroidManifest.xml:266:13
	android:label
		ADDED from AndroidManifest.xml:265:13
	android:name
		ADDED from AndroidManifest.xml:264:13
intent-filter#android.intent.category.DEFAULT+com.emptypointer.action.QueryTel
ADDED from AndroidManifest.xml:267:13
action#com.emptypointer.action.QueryTel
ADDED from AndroidManifest.xml:268:17
	android:name
		ADDED from AndroidManifest.xml:268:25
activity#com.emptypointer.hellocdut.activity.QueryTeachPlanActivity
ADDED from AndroidManifest.xml:275:9
	android:label
		ADDED from AndroidManifest.xml:277:13
	android:name
		ADDED from AndroidManifest.xml:276:13
intent-filter#android.intent.category.DEFAULT+com.emptypointer.action.QueryTeach
ADDED from AndroidManifest.xml:278:13
action#com.emptypointer.action.QueryTeach
ADDED from AndroidManifest.xml:279:17
	android:name
		ADDED from AndroidManifest.xml:279:25
activity#com.emptypointer.hellocdut.activity.AddContactActivity
ADDED from AndroidManifest.xml:286:9
	android:label
		ADDED from AndroidManifest.xml:288:13
	android:name
		ADDED from AndroidManifest.xml:287:13
intent-filter#android.intent.category.DEFAULT+com.emptypointer.action.AddContact
ADDED from AndroidManifest.xml:289:13
action#com.emptypointer.action.AddContact
ADDED from AndroidManifest.xml:290:17
	android:name
		ADDED from AndroidManifest.xml:290:25
activity#com.emptypointer.hellocdut.activity.ChatActivity
ADDED from AndroidManifest.xml:297:9
	android:label
		ADDED from AndroidManifest.xml:299:13
	android:name
		ADDED from AndroidManifest.xml:298:13
intent-filter#android.intent.category.DEFAULT+com.emptypointer.action.Chat
ADDED from AndroidManifest.xml:300:13
action#com.emptypointer.action.Chat
ADDED from AndroidManifest.xml:301:17
	android:name
		ADDED from AndroidManifest.xml:301:25
activity#com.emptypointer.hellocdut.activity.InvitationManageActivity
ADDED from AndroidManifest.xml:307:9
	android:label
		ADDED from AndroidManifest.xml:309:13
	android:name
		ADDED from AndroidManifest.xml:308:13
intent-filter#android.intent.category.DEFAULT+com.emptypointer.action.InvitationManage
ADDED from AndroidManifest.xml:310:13
action#com.emptypointer.action.InvitationManage
ADDED from AndroidManifest.xml:311:17
	android:name
		ADDED from AndroidManifest.xml:311:25
activity#com.emptypointer.hellocdut.activity.ForwardMessageActivity
ADDED from AndroidManifest.xml:317:9
	android:label
		ADDED from AndroidManifest.xml:319:13
	android:name
		ADDED from AndroidManifest.xml:318:13
intent-filter#android.intent.category.DEFAULT+com.emptypointer.action.ForwardMessage
ADDED from AndroidManifest.xml:320:13
action#com.emptypointer.action.ForwardMessage
ADDED from AndroidManifest.xml:321:17
	android:name
		ADDED from AndroidManifest.xml:321:25
activity#com.emptypointer.hellocdut.activity.SearchActivity
ADDED from AndroidManifest.xml:328:9
	android:label
		ADDED from AndroidManifest.xml:330:13
	android:name
		ADDED from AndroidManifest.xml:329:13
intent-filter#android.intent.category.DEFAULT+com.emptypointer.action.Search
ADDED from AndroidManifest.xml:331:13
action#com.emptypointer.action.Search
ADDED from AndroidManifest.xml:332:17
	android:name
		ADDED from AndroidManifest.xml:332:25
activity#com.emptypointer.hellocdut.activity.VoiceCallActivity
ADDED from AndroidManifest.xml:338:9
	android:label
		ADDED from AndroidManifest.xml:340:13
	android:theme
		ADDED from AndroidManifest.xml:341:13
	android:name
		ADDED from AndroidManifest.xml:339:13
intent-filter#android.intent.category.DEFAULT+com.emptypointer.action.VoiceCall
ADDED from AndroidManifest.xml:342:13
action#com.emptypointer.action.VoiceCall
ADDED from AndroidManifest.xml:343:17
	android:name
		ADDED from AndroidManifest.xml:343:25
activity#com.emptypointer.hellocdut.activity.BindActivity
ADDED from AndroidManifest.xml:350:9
	android:label
		ADDED from AndroidManifest.xml:352:13
	android:name
		ADDED from AndroidManifest.xml:351:13
intent-filter#android.intent.category.DEFAULT+com.emptypointer.action.Bind
ADDED from AndroidManifest.xml:353:13
action#com.emptypointer.action.Bind
ADDED from AndroidManifest.xml:354:17
	android:name
		ADDED from AndroidManifest.xml:354:25
activity#com.emptypointer.hellocdut.activity.ModifyInfoActivity
ADDED from AndroidManifest.xml:361:9
	android:windowSoftInputMode
		ADDED from AndroidManifest.xml:364:13
	android:label
		ADDED from AndroidManifest.xml:363:13
	android:name
		ADDED from AndroidManifest.xml:362:13
intent-filter#android.intent.category.DEFAULT+com.emptypointer.action.ModifyInfo
ADDED from AndroidManifest.xml:365:13
action#com.emptypointer.action.ModifyInfo
ADDED from AndroidManifest.xml:366:17
	android:name
		ADDED from AndroidManifest.xml:366:25
activity#com.emptypointer.hellocdut.activity.SettingDetailActivity
ADDED from AndroidManifest.xml:372:9
	android:name
		ADDED from AndroidManifest.xml:372:19
intent-filter#android.intent.category.DEFAULT+com.emptypointer.action.SettingDetail
ADDED from AndroidManifest.xml:373:13
action#com.emptypointer.action.SettingDetail
ADDED from AndroidManifest.xml:374:17
	android:name
		ADDED from AndroidManifest.xml:374:25
activity#com.emptypointer.hellocdut.activity.UploadAvatarActivity
ADDED from AndroidManifest.xml:380:9
	android:label
		ADDED from AndroidManifest.xml:382:13
	android:name
		ADDED from AndroidManifest.xml:381:13
intent-filter#android.intent.category.DEFAULT+com.emptypointer.action.UploadAvatar
ADDED from AndroidManifest.xml:383:13
action#com.emptypointer.action.UploadAvatar
ADDED from AndroidManifest.xml:384:17
	android:name
		ADDED from AndroidManifest.xml:384:25
activity#com.emptypointer.hellocdut.activity.GroupsActivity
ADDED from AndroidManifest.xml:390:9
	android:label
		ADDED from AndroidManifest.xml:392:13
	android:name
		ADDED from AndroidManifest.xml:391:13
intent-filter#android.intent.category.DEFAULT+com.emptypointer.action.Groups
ADDED from AndroidManifest.xml:393:13
action#com.emptypointer.action.Groups
ADDED from AndroidManifest.xml:394:17
	android:name
		ADDED from AndroidManifest.xml:394:25
activity#com.emptypointer.hellocdut.activity.GroupDetailsActivity
ADDED from AndroidManifest.xml:400:9
	android:label
		ADDED from AndroidManifest.xml:402:13
	android:name
		ADDED from AndroidManifest.xml:401:13
activity#com.emptypointer.hellocdut.activity.GroupBlacklistActivity
ADDED from AndroidManifest.xml:408:9
	android:label
		ADDED from AndroidManifest.xml:410:13
	android:name
		ADDED from AndroidManifest.xml:409:13
activity#com.emptypointer.hellocdut.activity.GroupPickContactsActivity
ADDED from AndroidManifest.xml:416:9
	android:label
		ADDED from AndroidManifest.xml:418:13
	android:name
		ADDED from AndroidManifest.xml:417:13
activity#com.emptypointer.hellocdut.activity.ModifyPasswordActivity
ADDED from AndroidManifest.xml:424:9
	android:label
		ADDED from AndroidManifest.xml:426:13
	android:name
		ADDED from AndroidManifest.xml:425:13
intent-filter#android.intent.category.DEFAULT+com.emptypointer.action.ModifyPassword
ADDED from AndroidManifest.xml:427:13
action#com.emptypointer.action.ModifyPassword
ADDED from AndroidManifest.xml:428:17
	android:name
		ADDED from AndroidManifest.xml:428:25
activity#com.emptypointer.hellocdut.activity.LibraryActivity
ADDED from AndroidManifest.xml:434:9
	android:label
		ADDED from AndroidManifest.xml:436:13
	android:name
		ADDED from AndroidManifest.xml:435:13
intent-filter#android.intent.category.DEFAULT+com.emptypointer.action.Library
ADDED from AndroidManifest.xml:437:13
action#com.emptypointer.action.Library
ADDED from AndroidManifest.xml:438:17
	android:name
		ADDED from AndroidManifest.xml:438:25
activity#com.emptypointer.hellocdut.activity.LocalActivity
ADDED from AndroidManifest.xml:444:9
	android:label
		ADDED from AndroidManifest.xml:446:13
	android:name
		ADDED from AndroidManifest.xml:445:13
intent-filter#android.intent.category.DEFAULT+com.emptypointer.action.Local
ADDED from AndroidManifest.xml:447:13
action#com.emptypointer.action.Local
ADDED from AndroidManifest.xml:448:17
	android:name
		ADDED from AndroidManifest.xml:448:25
activity#com.emptypointer.hellocdut.activity.IgnoreListActivity
ADDED from AndroidManifest.xml:454:9
	android:label
		ADDED from AndroidManifest.xml:456:13
	android:name
		ADDED from AndroidManifest.xml:455:13
intent-filter#android.intent.category.DEFAULT+com.emptypointer.action.IgnoreList
ADDED from AndroidManifest.xml:457:13
action#com.emptypointer.action.IgnoreList
ADDED from AndroidManifest.xml:458:17
	android:name
		ADDED from AndroidManifest.xml:458:25
activity#com.emptypointer.hellocdut.activity.QueryCampusCardActivity
ADDED from AndroidManifest.xml:464:9
	android:windowSoftInputMode
		ADDED from AndroidManifest.xml:467:13
	android:label
		ADDED from AndroidManifest.xml:466:13
	android:name
		ADDED from AndroidManifest.xml:465:13
intent-filter#android.intent.category.DEFAULT+com.emptypointer.action.CampusCard
ADDED from AndroidManifest.xml:468:13
action#com.emptypointer.action.CampusCard
ADDED from AndroidManifest.xml:469:17
	android:name
		ADDED from AndroidManifest.xml:469:25
activity#com.emptypointer.hellocdut.activity.CampusQueryResultActivity
ADDED from AndroidManifest.xml:475:9
	android:label
		ADDED from AndroidManifest.xml:477:13
	android:name
		ADDED from AndroidManifest.xml:476:13
activity#com.emptypointer.hellocdut.activity.AgreementActivity
ADDED from AndroidManifest.xml:483:9
	android:label
		ADDED from AndroidManifest.xml:485:13
	android:name
		ADDED from AndroidManifest.xml:484:13
activity#com.emptypointer.hellocdut.activity.CreateGroupActivity
ADDED from AndroidManifest.xml:491:9
	android:label
		ADDED from AndroidManifest.xml:493:13
	android:name
		ADDED from AndroidManifest.xml:492:13
activity#com.emptypointer.hellocdut.activity.QueryBookActivity
ADDED from AndroidManifest.xml:499:9
	android:label
		ADDED from AndroidManifest.xml:501:13
	android:name
		ADDED from AndroidManifest.xml:500:13
activity#com.emptypointer.hellocdut.activity.UserInfoCardActivity
ADDED from AndroidManifest.xml:507:9
	android:label
		ADDED from AndroidManifest.xml:509:13
	android:name
		ADDED from AndroidManifest.xml:508:13
activity#com.emptypointer.hellocdut.activity.AddOnesActivity
ADDED from AndroidManifest.xml:515:9
	android:label
		ADDED from AndroidManifest.xml:517:13
	android:name
		ADDED from AndroidManifest.xml:516:13
activity#com.emptypointer.hellocdut.activity.GuideActivity
ADDED from AndroidManifest.xml:523:9
	android:label
		ADDED from AndroidManifest.xml:525:13
	android:theme
		ADDED from AndroidManifest.xml:526:13
	android:name
		ADDED from AndroidManifest.xml:524:13
activity#com.emptypointer.hellocdut.activity.AlertDialog
ADDED from AndroidManifest.xml:533:9
	android:screenOrientation
		ADDED from AndroidManifest.xml:535:13
	android:theme
		ADDED from AndroidManifest.xml:536:13
	android:name
		ADDED from AndroidManifest.xml:534:13
activity#com.emptypointer.hellocdut.activity.EditActivity
ADDED from AndroidManifest.xml:538:9
	android:windowSoftInputMode
		ADDED from AndroidManifest.xml:541:13
	android:screenOrientation
		ADDED from AndroidManifest.xml:540:13
	android:name
		ADDED from AndroidManifest.xml:539:13
activity#com.emptypointer.hellocdut.activity.ShowBigImage
ADDED from AndroidManifest.xml:544:9
	android:screenOrientation
		ADDED from AndroidManifest.xml:546:13
	android:name
		ADDED from AndroidManifest.xml:545:13
activity#com.emptypointer.hellocdut.activity.ShowNormalFileActivity
ADDED from AndroidManifest.xml:548:9
	android:screenOrientation
		ADDED from AndroidManifest.xml:550:13
	android:name
		ADDED from AndroidManifest.xml:549:13
activity#com.emptypointer.hellocdut.activity.ContextMenu
ADDED from AndroidManifest.xml:553:9
	android:screenOrientation
		ADDED from AndroidManifest.xml:555:13
	android:theme
		ADDED from AndroidManifest.xml:556:13
	android:name
		ADDED from AndroidManifest.xml:554:13
activity#com.emptypointer.hellocdut.activity.ExitGroupDialog
ADDED from AndroidManifest.xml:558:9
	android:screenOrientation
		ADDED from AndroidManifest.xml:560:13
	android:theme
		ADDED from AndroidManifest.xml:561:13
	android:name
		ADDED from AndroidManifest.xml:559:13
activity#com.umeng.socialize.view.ShareActivity
ADDED from AndroidManifest.xml:565:9
	android:windowSoftInputMode
		ADDED from AndroidManifest.xml:571:13
	android:noHistory
		ADDED from AndroidManifest.xml:569:13
	android:configChanges
		ADDED from AndroidManifest.xml:567:13
	android:theme
		ADDED from AndroidManifest.xml:570:13
	android:name
		ADDED from AndroidManifest.xml:566:13
	android:launchMode
		ADDED from AndroidManifest.xml:568:13
activity#com.tencent.tauth.AuthActivity
ADDED from AndroidManifest.xml:574:9
	android:noHistory
		ADDED from AndroidManifest.xml:577:13
	android:name
		ADDED from AndroidManifest.xml:575:13
	android:launchMode
		ADDED from AndroidManifest.xml:576:13
intent-filter#android.intent.action.VIEW+android.intent.category.BROWSABLE+android.intent.category.DEFAULT
ADDED from AndroidManifest.xml:578:13
action#android.intent.action.VIEW
ADDED from AndroidManifest.xml:579:17
	android:name
		ADDED from AndroidManifest.xml:579:25
category#android.intent.category.BROWSABLE
ADDED from AndroidManifest.xml:582:17
	android:name
		ADDED from AndroidManifest.xml:582:27
data
ADDED from AndroidManifest.xml:584:17
	android:scheme
		ADDED from AndroidManifest.xml:584:23
activity#com.tencent.connect.common.AssistActivity
ADDED from AndroidManifest.xml:587:9
	android:screenOrientation
		ADDED from AndroidManifest.xml:589:13
	android:theme
		ADDED from AndroidManifest.xml:590:13
	android:name
		ADDED from AndroidManifest.xml:588:13
meta-data#UMENG_APPKEY
ADDED from AndroidManifest.xml:593:9
	android:name
		ADDED from AndroidManifest.xml:594:13
	android:value
		ADDED from AndroidManifest.xml:595:13
receiver#com.easemob.chat.StartServiceReceiver
ADDED from AndroidManifest.xml:598:9
	android:label
		ADDED from AndroidManifest.xml:600:13
	android:name
		ADDED from AndroidManifest.xml:599:13
intent-filter#android.intent.action.BOOT_COMPLETED+android.intent.action.QUICKBOOT_POWERON+android.intent.category.LAUNCHER
ADDED from AndroidManifest.xml:601:13
	android:priority
		ADDED from AndroidManifest.xml:601:28
action#android.intent.action.BOOT_COMPLETED
ADDED from AndroidManifest.xml:602:17
	android:name
		ADDED from AndroidManifest.xml:602:25
action#android.intent.action.QUICKBOOT_POWERON
ADDED from AndroidManifest.xml:603:17
	android:name
		ADDED from AndroidManifest.xml:603:25